[debug] [2025-11-13T12:43:45.348Z] ----------------------------------------------------------------------
[debug] [2025-11-13T12:43:45.350Z] Command:       C:\Program Files\nodejs\node.exe C:\Users\snu21\AppData\Roaming\npm\node_modules\firebase-tools\lib\bin\firebase.js init
[debug] [2025-11-13T12:43:45.350Z] CLI Version:   14.24.2
[debug] [2025-11-13T12:43:45.350Z] Platform:      win32
[debug] [2025-11-13T12:43:45.350Z] Node Version:  v22.20.0
[debug] [2025-11-13T12:43:45.350Z] Time:          Thu Nov 13 2025 18:13:45 GMT+0530 (India Standard Time)
[debug] [2025-11-13T12:43:45.350Z] ----------------------------------------------------------------------
[debug] 
[info] 
     ######## #### ########  ######## ########     ###     ######  ########
     ##        ##  ##     ## ##       ##     ##  ##   ##  ##       ##
     ######    ##  ########  ######   ########  #########  ######  ######
     ##        ##  ##    ##  ##       ##     ## ##     ##       ## ##
     ##       #### ##     ## ######## ########  ##     ##  ######  ########

You're about to initialize a Firebase project in this directory:

  C:\Users\snu21\Options-Strategy-Platform

[debug] [2025-11-13T14:23:56.939Z] ExitPromptError: User force closed the prompt with SIGINT
    at Interface.sigint (C:\Users\snu21\AppData\Roaming\npm\node_modules\firebase-tools\node_modules\@inquirer\core\dist\commonjs\lib\create-prompt.js:101:37)
    at Interface.emit (node:events:519:28)
    at Interface.emit (node:domain:489:12)
    at [_ttyWrite] [as _ttyWrite] (node:internal/readline/interface:1128:18)
    at ReadStream.onkeypress (node:internal/readline/interface:271:20)
    at ReadStream.emit (node:events:531:35)
    at ReadStream.emit (node:domain:489:12)
    at emitKeys (node:internal/readline/utils:370:14)
    at emitKeys.next (<anonymous>)
    at ReadStream.onData (node:internal/readline/emitKeypressEvents:64:36)
[error] 
[error] Error: An unexpected error has occurred.
